*** Error 1 "C:\Users\user\Desktop\Semestre 9\Micros\lcd3.c" Line 143(1,2): Illegal C character in input file  0x00
*** Error 58 "C:\Users\user\Desktop\Semestre 9\Micros\lcd3.c" Line 143(1,2): Expecting a close paren
*** Error 1 "C:\Users\user\Desktop\Semestre 9\Micros\lcd3.c" Line 144(3,4): Illegal C character in input file  0x00
*** Error 1 "C:\Users\user\Desktop\Semestre 9\Micros\lcd3.c" Line 144(3,4): Illegal C character in input file  0x00
*** Error 1 "C:\Users\user\Desktop\Semestre 9\Micros\lcd3.c" Line 144(3,4): Illegal C character in input file  0xFF
*** Error 1 "C:\Users\user\Desktop\Semestre 9\Micros\lcd3.c" Line 144(3,4): Illegal C character in input file  0xFF
*** Error 1 "C:\Users\user\Desktop\Semestre 9\Micros\lcd3.c" Line 144(3,4): Illegal C character in input file  0xFF
*** Error 1 "C:\Users\user\Desktop\Semestre 9\Micros\lcd3.c" Line 144(3,4): Illegal C character in input file  0x00
*** Error 1 "C:\Users\user\Desktop\Semestre 9\Micros\lcd3.c" Line 144(3,4): Illegal C character in input file  0x07
*** Error 1 "C:\Users\user\Desktop\Semestre 9\Micros\lcd3.c" Line 144(3,4): Illegal C character in input file  0x00
*** Error 1 "C:\Users\user\Desktop\Semestre 9\Micros\lcd3.c" Line 144(3,4): Illegal C character in input file  0x00
*** Error 1 "C:\Users\user\Desktop\Semestre 9\Micros\lcd3.c" Line 144(3,4): Illegal C character in input file  0x00
*** Error 1 "C:\Users\user\Desktop\Semestre 9\Micros\lcd3.c" Line 144(3,4): Illegal C character in input file  0x00
*** Error 1 "C:\Users\user\Desktop\Semestre 9\Micros\lcd3.c" Line 144(3,4): Illegal C character in input file  0x00
*** Error 1 "C:\Users\user\Desktop\Semestre 9\Micros\lcd3.c" Line 144(3,4): Illegal C character in input file  0x00
*** Error 1 "C:\Users\user\Desktop\Semestre 9\Micros\lcd3.c" Line 144(3,4): Illegal C character in input file  0x00
*** Error 1 "C:\Users\user\Desktop\Semestre 9\Micros\lcd3.c" Line 144(3,4): Illegal C character in input file  0x8C
*** Error 1 "C:\Users\user\Desktop\Semestre 9\Micros\lcd3.c" Line 144(3,4): Illegal C character in input file  0xEF
*** Error 1 "C:\Users\user\Desktop\Semestre 9\Micros\lcd3.c" Line 144(3,4): Illegal C character in input file  0x03
*** Error 48 "C:\Users\user\Desktop\Semestre 9\Micros\lcd3.c" Line 144(3,4): Expecting a (
*** Error 1 "C:\Users\user\Desktop\Semestre 9\Micros\lcd3.c" Line 144(11,12): Illegal C character in input file  0x11
*** Error 1 "C:\Users\user\Desktop\Semestre 9\Micros\lcd3.c" Line 144(11,12): Illegal C character in input file  0x8A
*** Error 1 "C:\Users\user\Desktop\Semestre 9\Micros\lcd3.c" Line 144(11,12): Illegal C character in input file  0x1B
*** Error 1 "C:\Users\user\Desktop\Semestre 9\Micros\lcd3.c" Line 144(11,12): Illegal C character in input file  0xCB
*** Error 1 "C:\Users\user\Desktop\Semestre 9\Micros\lcd3.c" Line 144(11,12): Illegal C character in input file  0xE5
*** Error 1 "C:\Users\user\Desktop\Semestre 9\Micros\lcd3.c" Line 144(11,12): Illegal C character in input file  0x40
*** Error 1 "C:\Users\user\Desktop\Semestre 9\Micros\lcd3.c" Line 144(11,12): Illegal C character in input file  0x00
*** Error 1 "C:\Users\user\Desktop\Semestre 9\Micros\lcd3.c" Line 144(11,12): Illegal C character in input file  0x00
*** Error 1 "C:\Users\user\Desktop\Semestre 9\Micros\lcd3.c" Line 144(11,12): Illegal C character in input file  0x00
*** Error 1 "C:\Users\user\Desktop\Semestre 9\Micros\lcd3.c" Line 144(11,12): Illegal C character in input file  0x00
*** Error 1 "C:\Users\user\Desktop\Semestre 9\Micros\lcd3.c" Line 144(11,12): Illegal C character in input file  0x00
*** Error 1 "C:\Users\user\Desktop\Semestre 9\Micros\lcd3.c" Line 144(11,12): Illegal C character in input file  0x00
*** Error 1 "C:\Users\user\Desktop\Semestre 9\Micros\lcd3.c" Line 144(11,12): Illegal C character in input file  0x00
*** Error 1 "C:\Users\user\Desktop\Semestre 9\Micros\lcd3.c" Line 144(11,12): Illegal C character in input file  0x00
*** Error 1 "C:\Users\user\Desktop\Semestre 9\Micros\lcd3.c" Line 144(11,12): Illegal C character in input file  0x00
*** Error 1 "C:\Users\user\Desktop\Semestre 9\Micros\lcd3.c" Line 144(11,12): Illegal C character in input file  0x00
*** Error 1 "C:\Users\user\Desktop\Semestre 9\Micros\lcd3.c" Line 144(11,12): Illegal C character in input file  0x00
*** Error 1 "C:\Users\user\Desktop\Semestre 9\Micros\lcd3.c" Line 144(11,12): Illegal C character in input file  0x00
*** Error 1 "C:\Users\user\Desktop\Semestre 9\Micros\lcd3.c" Line 144(11,12): Illegal C character in input file  0x00
*** Error 1 "C:\Users\user\Desktop\Semestre 9\Micros\lcd3.c" Line 144(11,12): Illegal C character in input file  0x00
*** Error 1 "C:\Users\user\Desktop\Semestre 9\Micros\lcd3.c" Line 144(11,12): Illegal C character in input file  0x00
*** Error 1 "C:\Users\user\Desktop\Semestre 9\Micros\lcd3.c" Line 144(11,12): Illegal C character in input file  0x00
*** Error 1 "C:\Users\user\Desktop\Semestre 9\Micros\lcd3.c" Line 144(11,12): Illegal C character in input file  0x00
*** Error 1 "C:\Users\user\Desktop\Semestre 9\Micros\lcd3.c" Line 144(11,12): Illegal C character in input file  0x00
*** Error 1 "C:\Users\user\Desktop\Semestre 9\Micros\lcd3.c" Line 144(11,12): Illegal C character in input file  0x00
*** Error 1 "C:\Users\user\Desktop\Semestre 9\Micros\lcd3.c" Line 144(11,12): Illegal C character in input file  0x00
*** Error 1 "C:\Users\user\Desktop\Semestre 9\Micros\lcd3.c" Line 144(11,12): Illegal C character in input file  0x00
*** Error 1 "C:\Users\user\Desktop\Semestre 9\Micros\lcd3.c" Line 144(11,12): Illegal C character in input file  0x00
*** Error 1 "C:\Users\user\Desktop\Semestre 9\Micros\lcd3.c" Line 144(11,12): Illegal C character in input file  0x00
*** Error 1 "C:\Users\user\Desktop\Semestre 9\Micros\lcd3.c" Line 144(11,12): Illegal C character in input file  0x00
*** Error 1 "C:\Users\user\Desktop\Semestre 9\Micros\lcd3.c" Line 144(11,12): Illegal C character in input file  0x00
*** Error 1 "C:\Users\user\Desktop\Semestre 9\Micros\lcd3.c" Line 144(11,12): Illegal C character in input file  0x00
*** Error 1 "C:\Users\user\Desktop\Semestre 9\Micros\lcd3.c" Line 144(11,12): Illegal C character in input file  0x00
*** Error 1 "C:\Users\user\Desktop\Semestre 9\Micros\lcd3.c" Line 144(11,12): Illegal C character in input file  0x00
*** Error 1 "C:\Users\user\Desktop\Semestre 9\Micros\lcd3.c" Line 144(11,12): Illegal C character in input file  0x00
*** Error 1 "C:\Users\user\Desktop\Semestre 9\Micros\lcd3.c" Line 144(11,12): Illegal C character in input file  0x00
*** Error 1 "C:\Users\user\Desktop\Semestre 9\Micros\lcd3.c" Line 144(11,12): Illegal C character in input file  0x00
*** Error 1 "C:\Users\user\Desktop\Semestre 9\Micros\lcd3.c" Line 144(11,12): Illegal C character in input file  0x00
*** Error 1 "C:\Users\user\Desktop\Semestre 9\Micros\lcd3.c" Line 144(11,12): Illegal C character in input file  0x00
*** Error 1 "C:\Users\user\Desktop\Semestre 9\Micros\lcd3.c" Line 144(11,12): Illegal C character in input file  0x00
*** Error 1 "C:\Users\user\Desktop\Semestre 9\Micros\lcd3.c" Line 144(11,12): Illegal C character in input file  0x00
*** Error 1 "C:\Users\user\Desktop\Semestre 9\Micros\lcd3.c" Line 144(11,12): Illegal C character in input file  0x00
*** Error 1 "C:\Users\user\Desktop\Semestre 9\Micros\lcd3.c" Line 144(11,12): Illegal C character in input file  0x00
*** Error 1 "C:\Users\user\Desktop\Semestre 9\Micros\lcd3.c" Line 144(11,12): Illegal C character in input file  0x00
*** Error 1 "C:\Users\user\Desktop\Semestre 9\Micros\lcd3.c" Line 144(11,12): Illegal C character in input file  0x00
*** Error 1 "C:\Users\user\Desktop\Semestre 9\Micros\lcd3.c" Line 144(11,12): Illegal C character in input file  0x00
*** Error 1 "C:\Users\user\Desktop\Semestre 9\Micros\lcd3.c" Line 144(11,12): Illegal C character in input file  0x00
*** Error 1 "C:\Users\user\Desktop\Semestre 9\Micros\lcd3.c" Line 144(11,12): Illegal C character in input file  0x00
*** Error 1 "C:\Users\user\Desktop\Semestre 9\Micros\lcd3.c" Line 144(11,12): Illegal C character in input file  0x00
*** Error 1 "C:\Users\user\Desktop\Semestre 9\Micros\lcd3.c" Line 144(11,12): Illegal C character in input file  0x00
*** Error 1 "C:\Users\user\Desktop\Semestre 9\Micros\lcd3.c" Line 144(11,12): Illegal C character in input file  0x00
*** Error 1 "C:\Users\user\Desktop\Semestre 9\Micros\lcd3.c" Line 144(11,12): Illegal C character in input file  0x00
*** Error 1 "C:\Users\user\Desktop\Semestre 9\Micros\lcd3.c" Line 144(11,12): Illegal C character in input file  0x00
*** Error 1 "C:\Users\user\Desktop\Semestre 9\Micros\lcd3.c" Line 144(11,12): Illegal C character in input file  0x00
*** Error 1 "C:\Users\user\Desktop\Semestre 9\Micros\lcd3.c" Line 144(11,12): Illegal C character in input file  0x00
*** Error 1 "C:\Users\user\Desktop\Semestre 9\Micros\lcd3.c" Line 144(11,12): Illegal C character in input file  0x00
*** Error 1 "C:\Users\user\Desktop\Semestre 9\Micros\lcd3.c" Line 144(11,12): Illegal C character in input file  0x00
*** Error 1 "C:\Users\user\Desktop\Semestre 9\Micros\lcd3.c" Line 144(11,12): Illegal C character in input file  0x00
*** Error 1 "C:\Users\user\Desktop\Semestre 9\Micros\lcd3.c" Line 144(11,12): Illegal C character in input file  0x00
*** Error 1 "C:\Users\user\Desktop\Semestre 9\Micros\lcd3.c" Line 144(11,12): Illegal C character in input file  0x00
*** Error 1 "C:\Users\user\Desktop\Semestre 9\Micros\lcd3.c" Line 144(11,12): Illegal C character in input file  0x00
*** Error 1 "C:\Users\user\Desktop\Semestre 9\Micros\lcd3.c" Line 144(11,12): Illegal C character in input file  0x00
*** Error 1 "C:\Users\user\Desktop\Semestre 9\Micros\lcd3.c" Line 144(11,12): Illegal C character in input file  0x00
*** Error 1 "C:\Users\user\Desktop\Semestre 9\Micros\lcd3.c" Line 144(11,12): Illegal C character in input file  0x00
*** Error 1 "C:\Users\user\Desktop\Semestre 9\Micros\lcd3.c" Line 144(11,12): Illegal C character in input file  0x00
*** Error 1 "C:\Users\user\Desktop\Semestre 9\Micros\lcd3.c" Line 144(11,12): Illegal C character in input file  0x00
*** Error 1 "C:\Users\user\Desktop\Semestre 9\Micros\lcd3.c" Line 144(11,12): Illegal C character in input file  0x00
*** Error 1 "C:\Users\user\Desktop\Semestre 9\Micros\lcd3.c" Line 144(11,12): Illegal C character in input file  0x00
*** Error 1 "C:\Users\user\Desktop\Semestre 9\Micros\lcd3.c" Line 144(11,12): Illegal C character in input file  0x00
*** Error 1 "C:\Users\user\Desktop\Semestre 9\Micros\lcd3.c" Line 144(11,12): Illegal C character in input file  0x00
*** Error 1 "C:\Users\user\Desktop\Semestre 9\Micros\lcd3.c" Line 144(11,12): Illegal C character in input file  0x00
*** Error 1 "C:\Users\user\Desktop\Semestre 9\Micros\lcd3.c" Line 144(11,12): Illegal C character in input file  0x00
*** Error 1 "C:\Users\user\Desktop\Semestre 9\Micros\lcd3.c" Line 144(11,12): Illegal C character in input file  0x00
*** Error 1 "C:\Users\user\Desktop\Semestre 9\Micros\lcd3.c" Line 144(11,12): Illegal C character in input file  0x00
*** Error 1 "C:\Users\user\Desktop\Semestre 9\Micros\lcd3.c" Line 144(11,12): Illegal C character in input file  0x00
*** Error 1 "C:\Users\user\Desktop\Semestre 9\Micros\lcd3.c" Line 144(11,12): Illegal C character in input file  0x00
*** Error 1 "C:\Users\user\Desktop\Semestre 9\Micros\lcd3.c" Line 144(11,12): Illegal C character in input file  0x00
*** Error 1 "C:\Users\user\Desktop\Semestre 9\Micros\lcd3.c" Line 144(11,12): Illegal C character in input file  0x00
*** Error 1 "C:\Users\user\Desktop\Semestre 9\Micros\lcd3.c" Line 144(11,12): Illegal C character in input file  0x00
*** Error 1 "C:\Users\user\Desktop\Semestre 9\Micros\lcd3.c" Line 144(11,12): Illegal C character in input file  0x00
*** Error 1 "C:\Users\user\Desktop\Semestre 9\Micros\lcd3.c" Line 144(11,12): Illegal C character in input file  0x00
